<?xml version="1.0" encoding="UTF-8"?>
<testsuite name="ToyProject.blogWorld.repository.user.UserRepositoryTest" tests="1" skipped="0" failures="0" errors="0" timestamp="2024-01-16T15:56:32" hostname="DESKTOP-RRMPC7C" time="0.04">
  <properties/>
  <testcase name="save()" classname="ToyProject.blogWorld.repository.user.UserRepositoryTest" time="0.04"/>
  <system-out><![CDATA[2024-01-17 00:56:32.797  INFO 5084 --- [    Test worker] .b.t.c.SpringBootTestContextBootstrapper : Neither @ContextConfiguration nor @ContextHierarchy found for test class [ToyProject.blogWorld.repository.user.UserRepositoryTest], using SpringBootContextLoader
2024-01-17 00:56:32.798  INFO 5084 --- [    Test worker] o.s.t.c.support.AbstractContextLoader    : Could not detect default resource locations for test class [ToyProject.blogWorld.repository.user.UserRepositoryTest]: no resource found for suffixes {-context.xml, Context.groovy}.
2024-01-17 00:56:32.798  INFO 5084 --- [    Test worker] t.c.s.AnnotationConfigContextLoaderUtils : Could not detect default configuration classes for test class [ToyProject.blogWorld.repository.user.UserRepositoryTest]: UserRepositoryTest does not declare any static, non-private, non-final, nested classes annotated with @Configuration.
2024-01-17 00:56:32.804  INFO 5084 --- [    Test worker] .b.t.c.SpringBootTestContextBootstrapper : Found @SpringBootConfiguration ToyProject.blogWorld.BlogWorldApplication for test class ToyProject.blogWorld.repository.user.UserRepositoryTest
2024-01-17 00:56:32.806  INFO 5084 --- [    Test worker] .b.t.c.SpringBootTestContextBootstrapper : Loaded default TestExecutionListener class names from location [META-INF/spring.factories]: [org.springframework.boot.test.autoconfigure.restdocs.RestDocsTestExecutionListener, org.springframework.boot.test.autoconfigure.web.client.MockRestServiceServerResetTestExecutionListener, org.springframework.boot.test.autoconfigure.web.servlet.MockMvcPrintOnlyOnFailureTestExecutionListener, org.springframework.boot.test.autoconfigure.web.servlet.WebDriverTestExecutionListener, org.springframework.boot.test.autoconfigure.webservices.client.MockWebServiceServerTestExecutionListener, org.springframework.boot.test.mock.mockito.MockitoTestExecutionListener, org.springframework.boot.test.mock.mockito.ResetMocksTestExecutionListener, org.springframework.test.context.web.ServletTestExecutionListener, org.springframework.test.context.support.DirtiesContextBeforeModesTestExecutionListener, org.springframework.test.context.event.ApplicationEventsTestExecutionListener, org.springframework.test.context.support.DependencyInjectionTestExecutionListener, org.springframework.test.context.support.DirtiesContextTestExecutionListener, org.springframework.test.context.transaction.TransactionalTestExecutionListener, org.springframework.test.context.jdbc.SqlScriptsTestExecutionListener, org.springframework.test.context.event.EventPublishingTestExecutionListener]
2024-01-17 00:56:32.806  INFO 5084 --- [    Test worker] .b.t.c.SpringBootTestContextBootstrapper : Using TestExecutionListeners: [org.springframework.test.context.web.ServletTestExecutionListener@71d2bc34, org.springframework.test.context.support.DirtiesContextBeforeModesTestExecutionListener@2e903c69, org.springframework.test.context.event.ApplicationEventsTestExecutionListener@1dc37d4f, org.springframework.boot.test.mock.mockito.MockitoTestExecutionListener@4f290f46, org.springframework.boot.test.autoconfigure.SpringBootDependencyInjectionTestExecutionListener@2bfe398b, org.springframework.test.context.support.DirtiesContextTestExecutionListener@4a23be9, org.springframework.test.context.transaction.TransactionalTestExecutionListener@20d1737, org.springframework.test.context.jdbc.SqlScriptsTestExecutionListener@5d96b0f, org.springframework.test.context.event.EventPublishingTestExecutionListener@5f31385e, org.springframework.boot.test.autoconfigure.restdocs.RestDocsTestExecutionListener@4a592d22, org.springframework.boot.test.autoconfigure.web.client.MockRestServiceServerResetTestExecutionListener@20072ff1, org.springframework.boot.test.autoconfigure.web.servlet.MockMvcPrintOnlyOnFailureTestExecutionListener@6e48b9ed, org.springframework.boot.test.autoconfigure.web.servlet.WebDriverTestExecutionListener@38ed9fb2, org.springframework.boot.test.autoconfigure.webservices.client.MockWebServiceServerTestExecutionListener@3bde85b0, org.springframework.boot.test.mock.mockito.ResetMocksTestExecutionListener@22bf4d9d]
Hibernate: 
    select
        next_val as id_val 
    from
        hibernate_sequence for update
            
2024-01-17 00:56:32.811  INFO 5084 --- [    Test worker] p6spy                                    : #1705420592811 | took 0ms | statement | connection 7| url jdbc:mysql://localhost:3306/blogworld?useSSL=false&characterEncoding=UTF-8&serverTimezone=UTC
select next_val as id_val from hibernate_sequence for update
select next_val as id_val from hibernate_sequence for update;
Hibernate: 
    update
        hibernate_sequence 
    set
        next_val= ? 
    where
        next_val=?
2024-01-17 00:56:32.812  INFO 5084 --- [    Test worker] p6spy                                    : #1705420592812 | took 0ms | statement | connection 7| url jdbc:mysql://localhost:3306/blogworld?useSSL=false&characterEncoding=UTF-8&serverTimezone=UTC
update hibernate_sequence set next_val= ? where next_val=?
update hibernate_sequence set next_val= 31 where next_val=30;
2024-01-17 00:56:32.813  INFO 5084 --- [    Test worker] p6spy                                    : #1705420592813 | took 1ms | commit | connection 7| url jdbc:mysql://localhost:3306/blogworld?useSSL=false&characterEncoding=UTF-8&serverTimezone=UTC

;
Hibernate: 
    insert 
    into
        user
        (created_date, last_modified_date, created_by, last_modified_by, email, login_id, name, password, phone, profile_image, provider, provider_id, roles, valid, user_id) 
    values
        (?, ?, ?, ?, ?, ?, ?, ?, ?, ?, ?, ?, ?, ?, ?)
2024-01-17 00:56:32.837  INFO 5084 --- [    Test worker] p6spy                                    : #1705420592837 | took 3ms | statement | connection 6| url jdbc:mysql://localhost:3306/blogworld?useSSL=false&characterEncoding=UTF-8&serverTimezone=UTC
insert into user (created_date, last_modified_date, created_by, last_modified_by, email, login_id, name, password, phone, profile_image, provider, provider_id, roles, valid, user_id) values (?, ?, ?, ?, ?, ?, ?, ?, ?, ?, ?, ?, ?, ?, ?)
insert into user (created_date, last_modified_date, created_by, last_modified_by, email, login_id, name, password, phone, profile_image, provider, provider_id, roles, valid, user_id) values ('2024-01-17T00:56:32.810+0900', '2024-01-17T00:56:32.810+0900', '6e6d650a-8323-49a3-95f3-ed9321fd0f4e', '6e6d650a-8323-49a3-95f3-ed9321fd0f4e', 'seungsu@naver.com', 'loginId', 'userName', 'password', '01000000000', NULL, NULL, NULL, 'ROLE_USER', false, 30);
2024-01-17 00:56:32.842  INFO 5084 --- [    Test worker] p6spy                                    : #1705420592842 | took 1ms | commit | connection 6| url jdbc:mysql://localhost:3306/blogworld?useSSL=false&characterEncoding=UTF-8&serverTimezone=UTC

;
save.getCreatedDate() = 2024-01-17T00:56:32.810426700
]]></system-out>
  <system-err><![CDATA[]]></system-err>
</testsuite>
