<?xml version="1.0" encoding="UTF-8"?>
<testsuite name="ToyProject.blogWorld.BlogControllerWorldApplicationTests" tests="1" skipped="0" failures="0" errors="0" timestamp="2024-01-18T10:20:39" hostname="DESKTOP-RRMPC7C" time="0.193">
  <properties/>
  <testcase name="contextLoads()" classname="ToyProject.blogWorld.BlogControllerWorldApplicationTests" time="0.193"/>
  <system-out><![CDATA[19:20:33.335 [Test worker] DEBUG org.springframework.test.context.BootstrapUtils - Instantiating CacheAwareContextLoaderDelegate from class [org.springframework.test.context.cache.DefaultCacheAwareContextLoaderDelegate]
19:20:33.345 [Test worker] DEBUG org.springframework.test.context.BootstrapUtils - Instantiating BootstrapContext using constructor [public org.springframework.test.context.support.DefaultBootstrapContext(java.lang.Class,org.springframework.test.context.CacheAwareContextLoaderDelegate)]
19:20:33.385 [Test worker] DEBUG org.springframework.test.context.BootstrapUtils - Instantiating TestContextBootstrapper for test class [ToyProject.blogWorld.BlogControllerWorldApplicationTests] from class [org.springframework.boot.test.context.SpringBootTestContextBootstrapper]
19:20:33.393 [Test worker] INFO org.springframework.boot.test.context.SpringBootTestContextBootstrapper - Neither @ContextConfiguration nor @ContextHierarchy found for test class [ToyProject.blogWorld.BlogControllerWorldApplicationTests], using SpringBootContextLoader
19:20:33.397 [Test worker] DEBUG org.springframework.test.context.support.AbstractContextLoader - Did not detect default resource location for test class [ToyProject.blogWorld.BlogControllerWorldApplicationTests]: class path resource [ToyProject/blogWorld/BlogControllerWorldApplicationTests-context.xml] does not exist
19:20:33.397 [Test worker] DEBUG org.springframework.test.context.support.AbstractContextLoader - Did not detect default resource location for test class [ToyProject.blogWorld.BlogControllerWorldApplicationTests]: class path resource [ToyProject/blogWorld/BlogControllerWorldApplicationTestsContext.groovy] does not exist
19:20:33.397 [Test worker] INFO org.springframework.test.context.support.AbstractContextLoader - Could not detect default resource locations for test class [ToyProject.blogWorld.BlogControllerWorldApplicationTests]: no resource found for suffixes {-context.xml, Context.groovy}.
19:20:33.398 [Test worker] INFO org.springframework.test.context.support.AnnotationConfigContextLoaderUtils - Could not detect default configuration classes for test class [ToyProject.blogWorld.BlogControllerWorldApplicationTests]: BlogControllerWorldApplicationTests does not declare any static, non-private, non-final, nested classes annotated with @Configuration.
19:20:33.438 [Test worker] DEBUG org.springframework.test.context.support.ActiveProfilesUtils - Could not find an 'annotation declaring class' for annotation type [org.springframework.test.context.ActiveProfiles] and class [ToyProject.blogWorld.BlogControllerWorldApplicationTests]
19:20:33.505 [Test worker] DEBUG org.springframework.context.annotation.ClassPathScanningCandidateComponentProvider - Identified candidate component class: file [D:\SpringToyProject\blogWorld\blogWorld\build\classes\java\main\ToyProject\blogWorld\BlogWorldApplication.class]
19:20:33.506 [Test worker] INFO org.springframework.boot.test.context.SpringBootTestContextBootstrapper - Found @SpringBootConfiguration ToyProject.blogWorld.BlogWorldApplication for test class ToyProject.blogWorld.BlogControllerWorldApplicationTests
19:20:33.601 [Test worker] DEBUG org.springframework.boot.test.context.SpringBootTestContextBootstrapper - @TestExecutionListeners is not present for class [ToyProject.blogWorld.BlogControllerWorldApplicationTests]: using defaults.
19:20:33.601 [Test worker] INFO org.springframework.boot.test.context.SpringBootTestContextBootstrapper - Loaded default TestExecutionListener class names from location [META-INF/spring.factories]: [org.springframework.boot.test.autoconfigure.restdocs.RestDocsTestExecutionListener, org.springframework.boot.test.autoconfigure.web.client.MockRestServiceServerResetTestExecutionListener, org.springframework.boot.test.autoconfigure.web.servlet.MockMvcPrintOnlyOnFailureTestExecutionListener, org.springframework.boot.test.autoconfigure.web.servlet.WebDriverTestExecutionListener, org.springframework.boot.test.autoconfigure.webservices.client.MockWebServiceServerTestExecutionListener, org.springframework.boot.test.mock.mockito.MockitoTestExecutionListener, org.springframework.boot.test.mock.mockito.ResetMocksTestExecutionListener, org.springframework.test.context.web.ServletTestExecutionListener, org.springframework.test.context.support.DirtiesContextBeforeModesTestExecutionListener, org.springframework.test.context.event.ApplicationEventsTestExecutionListener, org.springframework.test.context.support.DependencyInjectionTestExecutionListener, org.springframework.test.context.support.DirtiesContextTestExecutionListener, org.springframework.test.context.transaction.TransactionalTestExecutionListener, org.springframework.test.context.jdbc.SqlScriptsTestExecutionListener, org.springframework.test.context.event.EventPublishingTestExecutionListener]
19:20:33.616 [Test worker] INFO org.springframework.boot.test.context.SpringBootTestContextBootstrapper - Using TestExecutionListeners: [org.springframework.test.context.web.ServletTestExecutionListener@6d8792db, org.springframework.test.context.support.DirtiesContextBeforeModesTestExecutionListener@64bc21ac, org.springframework.test.context.event.ApplicationEventsTestExecutionListener@493dfb8e, org.springframework.boot.test.mock.mockito.MockitoTestExecutionListener@5d25e6bb, org.springframework.boot.test.autoconfigure.SpringBootDependencyInjectionTestExecutionListener@ce5a68e, org.springframework.test.context.support.DirtiesContextTestExecutionListener@9d157ff, org.springframework.test.context.transaction.TransactionalTestExecutionListener@2f162cc0, org.springframework.test.context.jdbc.SqlScriptsTestExecutionListener@5df417a7, org.springframework.test.context.event.EventPublishingTestExecutionListener@7c041b41, org.springframework.boot.test.autoconfigure.restdocs.RestDocsTestExecutionListener@7f69d591, org.springframework.boot.test.autoconfigure.web.client.MockRestServiceServerResetTestExecutionListener@61078690, org.springframework.boot.test.autoconfigure.web.servlet.MockMvcPrintOnlyOnFailureTestExecutionListener@1cb3ec38, org.springframework.boot.test.autoconfigure.web.servlet.WebDriverTestExecutionListener@403132fc, org.springframework.boot.test.autoconfigure.webservices.client.MockWebServiceServerTestExecutionListener@71c5b236, org.springframework.boot.test.mock.mockito.ResetMocksTestExecutionListener@2cab9998]
19:20:33.620 [Test worker] DEBUG org.springframework.test.context.support.AbstractDirtiesContextTestExecutionListener - Before test class: context [DefaultTestContext@2416a51 testClass = BlogControllerWorldApplicationTests, testInstance = [null], testMethod = [null], testException = [null], mergedContextConfiguration = [WebMergedContextConfiguration@6fa590ba testClass = BlogControllerWorldApplicationTests, locations = '{}', classes = '{class ToyProject.blogWorld.BlogWorldApplication}', contextInitializerClasses = '[]', activeProfiles = '{}', propertySourceLocations = '{}', propertySourceProperties = '{org.springframework.boot.test.context.SpringBootTestContextBootstrapper=true}', contextCustomizers = set[org.springframework.boot.test.autoconfigure.actuate.metrics.MetricsExportContextCustomizerFactory$DisableMetricExportContextCustomizer@12c7a01b, org.springframework.boot.test.autoconfigure.properties.PropertyMappingContextCustomizer@0, org.springframework.boot.test.autoconfigure.web.servlet.WebDriverContextCustomizerFactory$Customizer@71454b9d, org.springframework.boot.test.context.filter.ExcludeFilterContextCustomizer@66565121, org.springframework.boot.test.json.DuplicateJsonObjectContextCustomizerFactory$DuplicateJsonObjectContextCustomizer@2d6764b2, org.springframework.boot.test.mock.mockito.MockitoContextCustomizer@0, org.springframework.boot.test.web.client.TestRestTemplateContextCustomizer@6b8d96d9, org.springframework.boot.test.context.SpringBootTestArgs@1, org.springframework.boot.test.context.SpringBootTestWebEnvironment@c88a337], resourceBasePath = 'src/main/webapp', contextLoader = 'org.springframework.boot.test.context.SpringBootContextLoader', parent = [null]], attributes = map['org.springframework.test.context.web.ServletTestExecutionListener.activateListener' -> true]], class annotated with @DirtiesContext [false] with mode [null].

  .   ____          _            __ _ _
 /\\ / ___'_ __ _ _(_)_ __  __ _ \ \ \ \
( ( )\___ | '_ | '_| | '_ \/ _` | \ \ \ \
 \\/  ___)| |_)| | | | | || (_| |  ) ) ) )
  '  |____| .__|_| |_|_| |_\__, | / / / /
 =========|_|==============|___/=/_/_/_/
 :: Spring Boot ::               (v2.7.13)

2024-01-18 19:20:34.000  INFO 22628 --- [    Test worker] T.b.BlogControllerWorldApplicationTests  : Starting BlogControllerWorldApplicationTests using Java 17.0.9 on DESKTOP-RRMPC7C with PID 22628 (started by seung in D:\SpringToyProject\blogWorld\blogWorld)
2024-01-18 19:20:34.001  INFO 22628 --- [    Test worker] T.b.BlogControllerWorldApplicationTests  : The following 3 profiles are active: "common", "database", "${environment}"
2024-01-18 19:20:35.024  INFO 22628 --- [    Test worker] .s.d.r.c.RepositoryConfigurationDelegate : Bootstrapping Spring Data JPA repositories in DEFAULT mode.
2024-01-18 19:20:35.123  INFO 22628 --- [    Test worker] .s.d.r.c.RepositoryConfigurationDelegate : Finished Spring Data repository scanning in 89 ms. Found 6 JPA repository interfaces.
2024-01-18 19:20:35.971  INFO 22628 --- [    Test worker] o.hibernate.jpa.internal.util.LogHelper  : HHH000204: Processing PersistenceUnitInfo [name: default]
2024-01-18 19:20:36.032  INFO 22628 --- [    Test worker] org.hibernate.Version                    : HHH000412: Hibernate ORM core version 5.6.15.Final
2024-01-18 19:20:36.235  INFO 22628 --- [    Test worker] o.hibernate.annotations.common.Version   : HCANN000001: Hibernate Commons Annotations {5.1.2.Final}
2024-01-18 19:20:36.361  INFO 22628 --- [    Test worker] com.zaxxer.hikari.HikariDataSource       : HikariPool-1 - Starting...
2024-01-18 19:20:36.524  INFO 22628 --- [    Test worker] com.zaxxer.hikari.HikariDataSource       : HikariPool-1 - Start completed.
2024-01-18 19:20:36.551  INFO 22628 --- [    Test worker] org.hibernate.dialect.Dialect            : HHH000400: Using dialect: org.hibernate.dialect.MySQL8Dialect
2024-01-18 19:20:37.457  INFO 22628 --- [    Test worker] p6spy                                    : #1705573237457 | took 3ms | statement | connection 1| url jdbc:mysql://localhost:3306/blogworld?useSSL=false&characterEncoding=UTF-8&serverTimezone=UTC
select * from `blogworld`.`user` where 1=0
select * from `blogworld`.`user` where 1=0;
2024-01-18 19:20:37.467  INFO 22628 --- [    Test worker] p6spy                                    : #1705573237467 | took 0ms | statement | connection 1| url jdbc:mysql://localhost:3306/blogworld?useSSL=false&characterEncoding=UTF-8&serverTimezone=UTC
select * from `blogworld`.`blog` where 1=0
select * from `blogworld`.`blog` where 1=0;
2024-01-18 19:20:37.469  INFO 22628 --- [    Test worker] p6spy                                    : #1705573237469 | took 0ms | statement | connection 1| url jdbc:mysql://localhost:3306/blogworld?useSSL=false&characterEncoding=UTF-8&serverTimezone=UTC
select * from `blogworld`.`category` where 1=0
select * from `blogworld`.`category` where 1=0;
2024-01-18 19:20:37.475  INFO 22628 --- [    Test worker] p6spy                                    : #1705573237475 | took 0ms | statement | connection 1| url jdbc:mysql://localhost:3306/blogworld?useSSL=false&characterEncoding=UTF-8&serverTimezone=UTC
select * from `blogworld`.`category` where 1=0
select * from `blogworld`.`category` where 1=0;
2024-01-18 19:20:37.482  INFO 22628 --- [    Test worker] p6spy                                    : #1705573237482 | took 0ms | statement | connection 1| url jdbc:mysql://localhost:3306/blogworld?useSSL=false&characterEncoding=UTF-8&serverTimezone=UTC
select * from `blogworld`.`poster` where 1=0
select * from `blogworld`.`poster` where 1=0;
2024-01-18 19:20:37.484  INFO 22628 --- [    Test worker] p6spy                                    : #1705573237484 | took 0ms | statement | connection 1| url jdbc:mysql://localhost:3306/blogworld?useSSL=false&characterEncoding=UTF-8&serverTimezone=UTC
select * from `blogworld`.`reply` where 1=0
select * from `blogworld`.`reply` where 1=0;
2024-01-18 19:20:37.486  INFO 22628 --- [    Test worker] p6spy                                    : #1705573237486 | took 0ms | statement | connection 1| url jdbc:mysql://localhost:3306/blogworld?useSSL=false&characterEncoding=UTF-8&serverTimezone=UTC
select * from `blogworld`.`user` where 1=0
select * from `blogworld`.`user` where 1=0;
2024-01-18 19:20:37.492  INFO 22628 --- [    Test worker] p6spy                                    : #1705573237492 | took 0ms | statement | connection 1| url jdbc:mysql://localhost:3306/blogworld?useSSL=false&characterEncoding=UTF-8&serverTimezone=UTC
select * from `blogworld`.`poster` where 1=0
select * from `blogworld`.`poster` where 1=0;
2024-01-18 19:20:37.493  INFO 22628 --- [    Test worker] o.h.e.t.j.p.i.JtaPlatformInitiator       : HHH000490: Using JtaPlatform implementation: [org.hibernate.engine.transaction.jta.platform.internal.NoJtaPlatform]
2024-01-18 19:20:37.502  INFO 22628 --- [    Test worker] j.LocalContainerEntityManagerFactoryBean : Initialized JPA EntityManagerFactory for persistence unit 'default'
2024-01-18 19:20:38.502  INFO 22628 --- [    Test worker] o.s.s.web.DefaultSecurityFilterChain     : Will secure any request with [org.springframework.security.web.session.DisableEncodeUrlFilter@153cf928, org.springframework.security.web.context.request.async.WebAsyncManagerIntegrationFilter@4884350b, org.springframework.security.web.context.SecurityContextPersistenceFilter@1fd4850b, org.springframework.security.web.header.HeaderWriterFilter@427128a6, org.springframework.web.filter.CorsFilter@b8c6406, org.springframework.security.web.authentication.logout.LogoutFilter@162a5c4c, org.springframework.security.oauth2.client.web.OAuth2AuthorizationRequestRedirectFilter@30b075b9, org.springframework.security.oauth2.client.web.OAuth2LoginAuthenticationFilter@1f7853af, ToyProject.blogWorld.config.jwt.JwtAuthenticationFilter@53cba89f, org.springframework.security.web.authentication.UsernamePasswordAuthenticationFilter@6a887649, ToyProject.blogWorld.config.jwt.JwtAuthorizationFilter@66ad7167, org.springframework.security.web.savedrequest.RequestCacheAwareFilter@1b2e841, org.springframework.security.web.servletapi.SecurityContextHolderAwareRequestFilter@3a75d9a1, org.springframework.security.web.authentication.AnonymousAuthenticationFilter@14aa2123, org.springframework.security.web.session.SessionManagementFilter@63f16350, org.springframework.security.web.access.ExceptionTranslationFilter@1bb3e150, org.springframework.security.web.access.intercept.FilterSecurityInterceptor@5e8684a3]
2024-01-18 19:20:38.753  WARN 22628 --- [    Test worker] JpaBaseConfiguration$JpaWebConfiguration : spring.jpa.open-in-view is enabled by default. Therefore, database queries may be performed during view rendering. Explicitly configure spring.jpa.open-in-view to disable this warning
2024-01-18 19:20:39.082  INFO 22628 --- [    Test worker] o.s.b.a.w.s.WelcomePageHandlerMapping    : Adding welcome page: class path resource [static/index.html]
2024-01-18 19:20:39.523  INFO 22628 --- [    Test worker] T.b.BlogControllerWorldApplicationTests  : Started BlogControllerWorldApplicationTests in 5.872 seconds (JVM running for 7.06)
]]></system-out>
  <system-err><![CDATA[]]></system-err>
</testsuite>
