<?xml version="1.0" encoding="UTF-8"?>
<testsuite name="ToyProject.blogWorld.repository.user.UserRepositoryTest" tests="1" skipped="0" failures="0" errors="0" timestamp="2024-01-18T10:20:39" hostname="DESKTOP-RRMPC7C" time="0.057">
  <properties/>
  <testcase name="save()" classname="ToyProject.blogWorld.repository.user.UserRepositoryTest" time="0.057"/>
  <system-out><![CDATA[2024-01-18 19:20:39.947  INFO 22628 --- [    Test worker] .b.t.c.SpringBootTestContextBootstrapper : Neither @ContextConfiguration nor @ContextHierarchy found for test class [ToyProject.blogWorld.repository.user.UserRepositoryTest], using SpringBootContextLoader
2024-01-18 19:20:39.948  INFO 22628 --- [    Test worker] o.s.t.c.support.AbstractContextLoader    : Could not detect default resource locations for test class [ToyProject.blogWorld.repository.user.UserRepositoryTest]: no resource found for suffixes {-context.xml, Context.groovy}.
2024-01-18 19:20:39.948  INFO 22628 --- [    Test worker] t.c.s.AnnotationConfigContextLoaderUtils : Could not detect default configuration classes for test class [ToyProject.blogWorld.repository.user.UserRepositoryTest]: UserRepositoryTest does not declare any static, non-private, non-final, nested classes annotated with @Configuration.
2024-01-18 19:20:39.957  INFO 22628 --- [    Test worker] .b.t.c.SpringBootTestContextBootstrapper : Found @SpringBootConfiguration ToyProject.blogWorld.BlogWorldApplication for test class ToyProject.blogWorld.repository.user.UserRepositoryTest
2024-01-18 19:20:39.961  INFO 22628 --- [    Test worker] .b.t.c.SpringBootTestContextBootstrapper : Loaded default TestExecutionListener class names from location [META-INF/spring.factories]: [org.springframework.boot.test.autoconfigure.restdocs.RestDocsTestExecutionListener, org.springframework.boot.test.autoconfigure.web.client.MockRestServiceServerResetTestExecutionListener, org.springframework.boot.test.autoconfigure.web.servlet.MockMvcPrintOnlyOnFailureTestExecutionListener, org.springframework.boot.test.autoconfigure.web.servlet.WebDriverTestExecutionListener, org.springframework.boot.test.autoconfigure.webservices.client.MockWebServiceServerTestExecutionListener, org.springframework.boot.test.mock.mockito.MockitoTestExecutionListener, org.springframework.boot.test.mock.mockito.ResetMocksTestExecutionListener, org.springframework.test.context.web.ServletTestExecutionListener, org.springframework.test.context.support.DirtiesContextBeforeModesTestExecutionListener, org.springframework.test.context.event.ApplicationEventsTestExecutionListener, org.springframework.test.context.support.DependencyInjectionTestExecutionListener, org.springframework.test.context.support.DirtiesContextTestExecutionListener, org.springframework.test.context.transaction.TransactionalTestExecutionListener, org.springframework.test.context.jdbc.SqlScriptsTestExecutionListener, org.springframework.test.context.event.EventPublishingTestExecutionListener]
2024-01-18 19:20:39.962  INFO 22628 --- [    Test worker] .b.t.c.SpringBootTestContextBootstrapper : Using TestExecutionListeners: [org.springframework.test.context.web.ServletTestExecutionListener@5b1dd206, org.springframework.test.context.support.DirtiesContextBeforeModesTestExecutionListener@3ea4dcc5, org.springframework.test.context.event.ApplicationEventsTestExecutionListener@73611fbb, org.springframework.boot.test.mock.mockito.MockitoTestExecutionListener@3d0f2154, org.springframework.boot.test.autoconfigure.SpringBootDependencyInjectionTestExecutionListener@8374911, org.springframework.test.context.support.DirtiesContextTestExecutionListener@106dee26, org.springframework.test.context.transaction.TransactionalTestExecutionListener@6b0aa757, org.springframework.test.context.jdbc.SqlScriptsTestExecutionListener@2f4b2ee3, org.springframework.test.context.event.EventPublishingTestExecutionListener@1d0695da, org.springframework.boot.test.autoconfigure.restdocs.RestDocsTestExecutionListener@62e55482, org.springframework.boot.test.autoconfigure.web.client.MockRestServiceServerResetTestExecutionListener@5ceb6796, org.springframework.boot.test.autoconfigure.web.servlet.MockMvcPrintOnlyOnFailureTestExecutionListener@2aa176de, org.springframework.boot.test.autoconfigure.web.servlet.WebDriverTestExecutionListener@3208e15, org.springframework.boot.test.autoconfigure.webservices.client.MockWebServiceServerTestExecutionListener@4ba99bb7, org.springframework.boot.test.mock.mockito.ResetMocksTestExecutionListener@4cf99283]
Hibernate: 
    select
        next_val as id_val 
    from
        hibernate_sequence for update
            
2024-01-18 19:20:39.974  INFO 22628 --- [    Test worker] p6spy                                    : #1705573239974 | took 0ms | statement | connection 7| url jdbc:mysql://localhost:3306/blogworld?useSSL=false&characterEncoding=UTF-8&serverTimezone=UTC
select next_val as id_val from hibernate_sequence for update
select next_val as id_val from hibernate_sequence for update;
Hibernate: 
    update
        hibernate_sequence 
    set
        next_val= ? 
    where
        next_val=?
2024-01-18 19:20:39.975  INFO 22628 --- [    Test worker] p6spy                                    : #1705573239975 | took 0ms | statement | connection 7| url jdbc:mysql://localhost:3306/blogworld?useSSL=false&characterEncoding=UTF-8&serverTimezone=UTC
update hibernate_sequence set next_val= ? where next_val=?
update hibernate_sequence set next_val= 34 where next_val=33;
2024-01-18 19:20:39.978  INFO 22628 --- [    Test worker] p6spy                                    : #1705573239978 | took 1ms | commit | connection 7| url jdbc:mysql://localhost:3306/blogworld?useSSL=false&characterEncoding=UTF-8&serverTimezone=UTC

;
Hibernate: 
    insert 
    into
        user
        (created_date, last_modified_date, created_by, last_modified_by, email, login_id, name, password, phone, profile_image, provider, provider_id, roles, valid, user_id) 
    values
        (?, ?, ?, ?, ?, ?, ?, ?, ?, ?, ?, ?, ?, ?, ?)
2024-01-18 19:20:40.010  INFO 22628 --- [    Test worker] p6spy                                    : #1705573240010 | took 4ms | statement | connection 6| url jdbc:mysql://localhost:3306/blogworld?useSSL=false&characterEncoding=UTF-8&serverTimezone=UTC
insert into user (created_date, last_modified_date, created_by, last_modified_by, email, login_id, name, password, phone, profile_image, provider, provider_id, roles, valid, user_id) values (?, ?, ?, ?, ?, ?, ?, ?, ?, ?, ?, ?, ?, ?, ?)
insert into user (created_date, last_modified_date, created_by, last_modified_by, email, login_id, name, password, phone, profile_image, provider, provider_id, roles, valid, user_id) values ('2024-01-18T19:20:39.971+0900', '2024-01-18T19:20:39.971+0900', '31d0b323-c9cd-4e11-980a-464b6b1ab7b3', '31d0b323-c9cd-4e11-980a-464b6b1ab7b3', 'seungsu@naver.com', 'loginId', 'userName', 'password', '01000000000', NULL, NULL, NULL, 'ROLE_USER', false, 33);
2024-01-18 19:20:40.017  INFO 22628 --- [    Test worker] p6spy                                    : #1705573240017 | took 1ms | commit | connection 6| url jdbc:mysql://localhost:3306/blogworld?useSSL=false&characterEncoding=UTF-8&serverTimezone=UTC

;
save.getCreatedDate() = 2024-01-18T19:20:39.971049900
]]></system-out>
  <system-err><![CDATA[]]></system-err>
</testsuite>
