<?xml version="1.0" encoding="UTF-8"?>
<testsuite name="ToyProject.blogWorld.service.BlogControllerServiceTest" tests="2" skipped="0" failures="0" errors="0" timestamp="2024-01-18T10:20:40" hostname="DESKTOP-RRMPC7C" time="0.008">
  <properties/>
  <testcase name="getUserBlogList()" classname="ToyProject.blogWorld.service.BlogControllerServiceTest" time="0.003"/>
  <testcase name="createBlogTest()" classname="ToyProject.blogWorld.service.BlogControllerServiceTest" time="0.003"/>
  <system-out><![CDATA[2024-01-18 19:20:40.025  INFO 22628 --- [    Test worker] .b.t.c.SpringBootTestContextBootstrapper : Neither @ContextConfiguration nor @ContextHierarchy found for test class [ToyProject.blogWorld.service.BlogControllerServiceTest], using SpringBootContextLoader
2024-01-18 19:20:40.026  INFO 22628 --- [    Test worker] o.s.t.c.support.AbstractContextLoader    : Could not detect default resource locations for test class [ToyProject.blogWorld.service.BlogControllerServiceTest]: no resource found for suffixes {-context.xml, Context.groovy}.
2024-01-18 19:20:40.026  INFO 22628 --- [    Test worker] t.c.s.AnnotationConfigContextLoaderUtils : Could not detect default configuration classes for test class [ToyProject.blogWorld.service.BlogControllerServiceTest]: BlogControllerServiceTest does not declare any static, non-private, non-final, nested classes annotated with @Configuration.
2024-01-18 19:20:40.034  INFO 22628 --- [    Test worker] .b.t.c.SpringBootTestContextBootstrapper : Found @SpringBootConfiguration ToyProject.blogWorld.BlogWorldApplication for test class ToyProject.blogWorld.service.BlogControllerServiceTest
2024-01-18 19:20:40.035  INFO 22628 --- [    Test worker] .b.t.c.SpringBootTestContextBootstrapper : Loaded default TestExecutionListener class names from location [META-INF/spring.factories]: [org.springframework.boot.test.autoconfigure.restdocs.RestDocsTestExecutionListener, org.springframework.boot.test.autoconfigure.web.client.MockRestServiceServerResetTestExecutionListener, org.springframework.boot.test.autoconfigure.web.servlet.MockMvcPrintOnlyOnFailureTestExecutionListener, org.springframework.boot.test.autoconfigure.web.servlet.WebDriverTestExecutionListener, org.springframework.boot.test.autoconfigure.webservices.client.MockWebServiceServerTestExecutionListener, org.springframework.boot.test.mock.mockito.MockitoTestExecutionListener, org.springframework.boot.test.mock.mockito.ResetMocksTestExecutionListener, org.springframework.test.context.web.ServletTestExecutionListener, org.springframework.test.context.support.DirtiesContextBeforeModesTestExecutionListener, org.springframework.test.context.event.ApplicationEventsTestExecutionListener, org.springframework.test.context.support.DependencyInjectionTestExecutionListener, org.springframework.test.context.support.DirtiesContextTestExecutionListener, org.springframework.test.context.transaction.TransactionalTestExecutionListener, org.springframework.test.context.jdbc.SqlScriptsTestExecutionListener, org.springframework.test.context.event.EventPublishingTestExecutionListener]
2024-01-18 19:20:40.036  INFO 22628 --- [    Test worker] .b.t.c.SpringBootTestContextBootstrapper : Using TestExecutionListeners: [org.springframework.test.context.web.ServletTestExecutionListener@35cc5b75, org.springframework.test.context.support.DirtiesContextBeforeModesTestExecutionListener@466a5b80, org.springframework.test.context.event.ApplicationEventsTestExecutionListener@f6921b7, org.springframework.boot.test.mock.mockito.MockitoTestExecutionListener@19cee7ed, org.springframework.boot.test.autoconfigure.SpringBootDependencyInjectionTestExecutionListener@4e8e0052, org.springframework.test.context.support.DirtiesContextTestExecutionListener@5a2ce458, org.springframework.test.context.transaction.TransactionalTestExecutionListener@1c8e1233, org.springframework.test.context.jdbc.SqlScriptsTestExecutionListener@72117fc0, org.springframework.test.context.event.EventPublishingTestExecutionListener@4ca37d40, org.springframework.boot.test.autoconfigure.restdocs.RestDocsTestExecutionListener@71904ea8, org.springframework.boot.test.autoconfigure.web.client.MockRestServiceServerResetTestExecutionListener@1d63c523, org.springframework.boot.test.autoconfigure.web.servlet.MockMvcPrintOnlyOnFailureTestExecutionListener@64f55630, org.springframework.boot.test.autoconfigure.web.servlet.WebDriverTestExecutionListener@336b6e93, org.springframework.boot.test.autoconfigure.webservices.client.MockWebServiceServerTestExecutionListener@40fd9358, org.springframework.boot.test.mock.mockito.ResetMocksTestExecutionListener@43b41cb9]
]]></system-out>
  <system-err><![CDATA[]]></system-err>
</testsuite>
