<?xml version="1.0" encoding="UTF-8"?>
<testsuite name="ToyProject.blogWorld.repository.blog.BlogControllerRepositoryTest" tests="2" skipped="0" failures="0" errors="0" timestamp="2024-01-16T15:56:32" hostname="DESKTOP-RRMPC7C" time="0.12">
  <properties/>
  <testcase name="update()" classname="ToyProject.blogWorld.repository.blog.BlogControllerRepositoryTest" time="0.018"/>
  <testcase name="save()" classname="ToyProject.blogWorld.repository.blog.BlogControllerRepositoryTest" time="0.101"/>
  <system-out><![CDATA[2024-01-17 00:56:32.659  INFO 5084 --- [    Test worker] .b.t.c.SpringBootTestContextBootstrapper : Neither @ContextConfiguration nor @ContextHierarchy found for test class [ToyProject.blogWorld.repository.blog.BlogControllerRepositoryTest], using SpringBootContextLoader
2024-01-17 00:56:32.660  INFO 5084 --- [    Test worker] o.s.t.c.support.AbstractContextLoader    : Could not detect default resource locations for test class [ToyProject.blogWorld.repository.blog.BlogControllerRepositoryTest]: no resource found for suffixes {-context.xml, Context.groovy}.
2024-01-17 00:56:32.660  INFO 5084 --- [    Test worker] t.c.s.AnnotationConfigContextLoaderUtils : Could not detect default configuration classes for test class [ToyProject.blogWorld.repository.blog.BlogControllerRepositoryTest]: BlogControllerRepositoryTest does not declare any static, non-private, non-final, nested classes annotated with @Configuration.
2024-01-17 00:56:32.667  INFO 5084 --- [    Test worker] .b.t.c.SpringBootTestContextBootstrapper : Found @SpringBootConfiguration ToyProject.blogWorld.BlogWorldApplication for test class ToyProject.blogWorld.repository.blog.BlogControllerRepositoryTest
2024-01-17 00:56:32.669  INFO 5084 --- [    Test worker] .b.t.c.SpringBootTestContextBootstrapper : Loaded default TestExecutionListener class names from location [META-INF/spring.factories]: [org.springframework.boot.test.autoconfigure.restdocs.RestDocsTestExecutionListener, org.springframework.boot.test.autoconfigure.web.client.MockRestServiceServerResetTestExecutionListener, org.springframework.boot.test.autoconfigure.web.servlet.MockMvcPrintOnlyOnFailureTestExecutionListener, org.springframework.boot.test.autoconfigure.web.servlet.WebDriverTestExecutionListener, org.springframework.boot.test.autoconfigure.webservices.client.MockWebServiceServerTestExecutionListener, org.springframework.boot.test.mock.mockito.MockitoTestExecutionListener, org.springframework.boot.test.mock.mockito.ResetMocksTestExecutionListener, org.springframework.test.context.web.ServletTestExecutionListener, org.springframework.test.context.support.DirtiesContextBeforeModesTestExecutionListener, org.springframework.test.context.event.ApplicationEventsTestExecutionListener, org.springframework.test.context.support.DependencyInjectionTestExecutionListener, org.springframework.test.context.support.DirtiesContextTestExecutionListener, org.springframework.test.context.transaction.TransactionalTestExecutionListener, org.springframework.test.context.jdbc.SqlScriptsTestExecutionListener, org.springframework.test.context.event.EventPublishingTestExecutionListener]
2024-01-17 00:56:32.669  INFO 5084 --- [    Test worker] .b.t.c.SpringBootTestContextBootstrapper : Using TestExecutionListeners: [org.springframework.test.context.web.ServletTestExecutionListener@1d8e9f22, org.springframework.test.context.support.DirtiesContextBeforeModesTestExecutionListener@47166740, org.springframework.test.context.event.ApplicationEventsTestExecutionListener@3b75b7b4, org.springframework.boot.test.mock.mockito.MockitoTestExecutionListener@7882379b, org.springframework.boot.test.autoconfigure.SpringBootDependencyInjectionTestExecutionListener@119cd026, org.springframework.test.context.support.DirtiesContextTestExecutionListener@65448932, org.springframework.test.context.transaction.TransactionalTestExecutionListener@731a5a39, org.springframework.test.context.jdbc.SqlScriptsTestExecutionListener@1acd952e, org.springframework.test.context.event.EventPublishingTestExecutionListener@6da76bb1, org.springframework.boot.test.autoconfigure.restdocs.RestDocsTestExecutionListener@2ceb722e, org.springframework.boot.test.autoconfigure.web.client.MockRestServiceServerResetTestExecutionListener@d012e18, org.springframework.boot.test.autoconfigure.web.servlet.MockMvcPrintOnlyOnFailureTestExecutionListener@7b13ae73, org.springframework.boot.test.autoconfigure.web.servlet.WebDriverTestExecutionListener@2dbfb843, org.springframework.boot.test.autoconfigure.webservices.client.MockWebServiceServerTestExecutionListener@5ab2c5d8, org.springframework.boot.test.mock.mockito.ResetMocksTestExecutionListener@5ec75178]
2024-01-17 00:56:32.685  INFO 5084 --- [    Test worker] o.s.t.c.transaction.TransactionContext   : Began transaction (1) for test context [DefaultTestContext@cbf9cc1 testClass = BlogControllerRepositoryTest, testInstance = ToyProject.blogWorld.repository.blog.BlogControllerRepositoryTest@4ae93e38, testMethod = update@BlogControllerRepositoryTest, testException = [null], mergedContextConfiguration = [WebMergedContextConfiguration@6ddeeb78 testClass = BlogControllerRepositoryTest, locations = '{}', classes = '{class ToyProject.blogWorld.BlogWorldApplication}', contextInitializerClasses = '[]', activeProfiles = '{}', propertySourceLocations = '{}', propertySourceProperties = '{org.springframework.boot.test.context.SpringBootTestContextBootstrapper=true}', contextCustomizers = set[org.springframework.boot.test.autoconfigure.actuate.metrics.MetricsExportContextCustomizerFactory$DisableMetricExportContextCustomizer@12c7a01b, org.springframework.boot.test.autoconfigure.properties.PropertyMappingContextCustomizer@0, org.springframework.boot.test.autoconfigure.web.servlet.WebDriverContextCustomizerFactory$Customizer@71454b9d, org.springframework.boot.test.context.filter.ExcludeFilterContextCustomizer@66565121, org.springframework.boot.test.json.DuplicateJsonObjectContextCustomizerFactory$DuplicateJsonObjectContextCustomizer@2d6764b2, org.springframework.boot.test.mock.mockito.MockitoContextCustomizer@0, org.springframework.boot.test.web.client.TestRestTemplateContextCustomizer@6b8d96d9, org.springframework.boot.test.context.SpringBootTestArgs@1, org.springframework.boot.test.context.SpringBootTestWebEnvironment@c88a337], resourceBasePath = 'src/main/webapp', contextLoader = 'org.springframework.boot.test.context.SpringBootContextLoader', parent = [null]], attributes = map['org.springframework.test.context.web.ServletTestExecutionListener.activateListener' -> true, 'org.springframework.test.context.web.ServletTestExecutionListener.populatedRequestContextHolder' -> true, 'org.springframework.test.context.web.ServletTestExecutionListener.resetRequestContextHolder' -> true, 'org.springframework.test.context.event.ApplicationEventsTestExecutionListener.recordApplicationEvents' -> false]]; transaction manager [org.springframework.orm.jpa.JpaTransactionManager@f5b81f4]; rollback [true]
2024-01-17 00:56:32.688  INFO 5084 --- [    Test worker] p6spy                                    : #1705420592688 | took 0ms | rollback | connection 2| url jdbc:mysql://localhost:3306/blogworld?useSSL=false&characterEncoding=UTF-8&serverTimezone=UTC

;
2024-01-17 00:56:32.690  INFO 5084 --- [    Test worker] o.s.t.c.transaction.TransactionContext   : Rolled back transaction for test: [DefaultTestContext@cbf9cc1 testClass = BlogControllerRepositoryTest, testInstance = ToyProject.blogWorld.repository.blog.BlogControllerRepositoryTest@4ae93e38, testMethod = update@BlogControllerRepositoryTest, testException = [null], mergedContextConfiguration = [WebMergedContextConfiguration@6ddeeb78 testClass = BlogControllerRepositoryTest, locations = '{}', classes = '{class ToyProject.blogWorld.BlogWorldApplication}', contextInitializerClasses = '[]', activeProfiles = '{}', propertySourceLocations = '{}', propertySourceProperties = '{org.springframework.boot.test.context.SpringBootTestContextBootstrapper=true}', contextCustomizers = set[org.springframework.boot.test.autoconfigure.actuate.metrics.MetricsExportContextCustomizerFactory$DisableMetricExportContextCustomizer@12c7a01b, org.springframework.boot.test.autoconfigure.properties.PropertyMappingContextCustomizer@0, org.springframework.boot.test.autoconfigure.web.servlet.WebDriverContextCustomizerFactory$Customizer@71454b9d, org.springframework.boot.test.context.filter.ExcludeFilterContextCustomizer@66565121, org.springframework.boot.test.json.DuplicateJsonObjectContextCustomizerFactory$DuplicateJsonObjectContextCustomizer@2d6764b2, org.springframework.boot.test.mock.mockito.MockitoContextCustomizer@0, org.springframework.boot.test.web.client.TestRestTemplateContextCustomizer@6b8d96d9, org.springframework.boot.test.context.SpringBootTestArgs@1, org.springframework.boot.test.context.SpringBootTestWebEnvironment@c88a337], resourceBasePath = 'src/main/webapp', contextLoader = 'org.springframework.boot.test.context.SpringBootContextLoader', parent = [null]], attributes = map['org.springframework.test.context.web.ServletTestExecutionListener.activateListener' -> true, 'org.springframework.test.context.web.ServletTestExecutionListener.populatedRequestContextHolder' -> true, 'org.springframework.test.context.web.ServletTestExecutionListener.resetRequestContextHolder' -> true, 'org.springframework.test.context.event.ApplicationEventsTestExecutionListener.recordApplicationEvents' -> false]]
2024-01-17 00:56:32.694  INFO 5084 --- [    Test worker] o.s.t.c.transaction.TransactionContext   : Began transaction (1) for test context [DefaultTestContext@cbf9cc1 testClass = BlogControllerRepositoryTest, testInstance = ToyProject.blogWorld.repository.blog.BlogControllerRepositoryTest@7e047d85, testMethod = save@BlogControllerRepositoryTest, testException = [null], mergedContextConfiguration = [WebMergedContextConfiguration@6ddeeb78 testClass = BlogControllerRepositoryTest, locations = '{}', classes = '{class ToyProject.blogWorld.BlogWorldApplication}', contextInitializerClasses = '[]', activeProfiles = '{}', propertySourceLocations = '{}', propertySourceProperties = '{org.springframework.boot.test.context.SpringBootTestContextBootstrapper=true}', contextCustomizers = set[org.springframework.boot.test.autoconfigure.actuate.metrics.MetricsExportContextCustomizerFactory$DisableMetricExportContextCustomizer@12c7a01b, org.springframework.boot.test.autoconfigure.properties.PropertyMappingContextCustomizer@0, org.springframework.boot.test.autoconfigure.web.servlet.WebDriverContextCustomizerFactory$Customizer@71454b9d, org.springframework.boot.test.context.filter.ExcludeFilterContextCustomizer@66565121, org.springframework.boot.test.json.DuplicateJsonObjectContextCustomizerFactory$DuplicateJsonObjectContextCustomizer@2d6764b2, org.springframework.boot.test.mock.mockito.MockitoContextCustomizer@0, org.springframework.boot.test.web.client.TestRestTemplateContextCustomizer@6b8d96d9, org.springframework.boot.test.context.SpringBootTestArgs@1, org.springframework.boot.test.context.SpringBootTestWebEnvironment@c88a337], resourceBasePath = 'src/main/webapp', contextLoader = 'org.springframework.boot.test.context.SpringBootContextLoader', parent = [null]], attributes = map['org.springframework.test.context.web.ServletTestExecutionListener.activateListener' -> true, 'org.springframework.test.context.web.ServletTestExecutionListener.populatedRequestContextHolder' -> true, 'org.springframework.test.context.web.ServletTestExecutionListener.resetRequestContextHolder' -> true, 'org.springframework.test.context.event.ApplicationEventsTestExecutionListener.recordApplicationEvents' -> false]]; transaction manager [org.springframework.orm.jpa.JpaTransactionManager@f5b81f4]; rollback [true]
Hibernate: 
    select
        next_val as id_val 
    from
        hibernate_sequence for update
            
2024-01-17 00:56:32.750  INFO 5084 --- [    Test worker] p6spy                                    : #1705420592750 | took 0ms | statement | connection 4| url jdbc:mysql://localhost:3306/blogworld?useSSL=false&characterEncoding=UTF-8&serverTimezone=UTC
select next_val as id_val from hibernate_sequence for update
select next_val as id_val from hibernate_sequence for update;
Hibernate: 
    update
        hibernate_sequence 
    set
        next_val= ? 
    where
        next_val=?
2024-01-17 00:56:32.752  INFO 5084 --- [    Test worker] p6spy                                    : #1705420592752 | took 0ms | statement | connection 4| url jdbc:mysql://localhost:3306/blogworld?useSSL=false&characterEncoding=UTF-8&serverTimezone=UTC
update hibernate_sequence set next_val= ? where next_val=?
update hibernate_sequence set next_val= 29 where next_val=28;
2024-01-17 00:56:32.755  INFO 5084 --- [    Test worker] p6spy                                    : #1705420592755 | took 2ms | commit | connection 4| url jdbc:mysql://localhost:3306/blogworld?useSSL=false&characterEncoding=UTF-8&serverTimezone=UTC

;
Hibernate: 
    select
        next_val as id_val 
    from
        hibernate_sequence for update
            
2024-01-17 00:56:32.786  INFO 5084 --- [    Test worker] p6spy                                    : #1705420592786 | took 0ms | statement | connection 5| url jdbc:mysql://localhost:3306/blogworld?useSSL=false&characterEncoding=UTF-8&serverTimezone=UTC
select next_val as id_val from hibernate_sequence for update
select next_val as id_val from hibernate_sequence for update;
Hibernate: 
    update
        hibernate_sequence 
    set
        next_val= ? 
    where
        next_val=?
2024-01-17 00:56:32.787  INFO 5084 --- [    Test worker] p6spy                                    : #1705420592787 | took 0ms | statement | connection 5| url jdbc:mysql://localhost:3306/blogworld?useSSL=false&characterEncoding=UTF-8&serverTimezone=UTC
update hibernate_sequence set next_val= ? where next_val=?
update hibernate_sequence set next_val= 30 where next_val=29;
2024-01-17 00:56:32.788  INFO 5084 --- [    Test worker] p6spy                                    : #1705420592788 | took 1ms | commit | connection 5| url jdbc:mysql://localhost:3306/blogworld?useSSL=false&characterEncoding=UTF-8&serverTimezone=UTC

;
2024-01-17 00:56:32.791  INFO 5084 --- [    Test worker] p6spy                                    : #1705420592791 | took 0ms | rollback | connection 3| url jdbc:mysql://localhost:3306/blogworld?useSSL=false&characterEncoding=UTF-8&serverTimezone=UTC

;
2024-01-17 00:56:32.793  INFO 5084 --- [    Test worker] o.s.t.c.transaction.TransactionContext   : Rolled back transaction for test: [DefaultTestContext@cbf9cc1 testClass = BlogControllerRepositoryTest, testInstance = ToyProject.blogWorld.repository.blog.BlogControllerRepositoryTest@7e047d85, testMethod = save@BlogControllerRepositoryTest, testException = [null], mergedContextConfiguration = [WebMergedContextConfiguration@6ddeeb78 testClass = BlogControllerRepositoryTest, locations = '{}', classes = '{class ToyProject.blogWorld.BlogWorldApplication}', contextInitializerClasses = '[]', activeProfiles = '{}', propertySourceLocations = '{}', propertySourceProperties = '{org.springframework.boot.test.context.SpringBootTestContextBootstrapper=true}', contextCustomizers = set[org.springframework.boot.test.autoconfigure.actuate.metrics.MetricsExportContextCustomizerFactory$DisableMetricExportContextCustomizer@12c7a01b, org.springframework.boot.test.autoconfigure.properties.PropertyMappingContextCustomizer@0, org.springframework.boot.test.autoconfigure.web.servlet.WebDriverContextCustomizerFactory$Customizer@71454b9d, org.springframework.boot.test.context.filter.ExcludeFilterContextCustomizer@66565121, org.springframework.boot.test.json.DuplicateJsonObjectContextCustomizerFactory$DuplicateJsonObjectContextCustomizer@2d6764b2, org.springframework.boot.test.mock.mockito.MockitoContextCustomizer@0, org.springframework.boot.test.web.client.TestRestTemplateContextCustomizer@6b8d96d9, org.springframework.boot.test.context.SpringBootTestArgs@1, org.springframework.boot.test.context.SpringBootTestWebEnvironment@c88a337], resourceBasePath = 'src/main/webapp', contextLoader = 'org.springframework.boot.test.context.SpringBootContextLoader', parent = [null]], attributes = map['org.springframework.test.context.web.ServletTestExecutionListener.activateListener' -> true, 'org.springframework.test.context.web.ServletTestExecutionListener.populatedRequestContextHolder' -> true, 'org.springframework.test.context.web.ServletTestExecutionListener.resetRequestContextHolder' -> true, 'org.springframework.test.context.event.ApplicationEventsTestExecutionListener.recordApplicationEvents' -> false]]
]]></system-out>
  <system-err><![CDATA[]]></system-err>
</testsuite>
