<?xml version="1.0" encoding="UTF-8"?>
<testsuite name="ToyProject.blogWorld.service.BlogControllerServiceTest" tests="2" skipped="0" failures="0" errors="0" timestamp="2024-01-16T15:56:32" hostname="DESKTOP-RRMPC7C" time="0.005">
  <properties/>
  <testcase name="getUserBlogList()" classname="ToyProject.blogWorld.service.BlogControllerServiceTest" time="0.001"/>
  <testcase name="createBlogTest()" classname="ToyProject.blogWorld.service.BlogControllerServiceTest" time="0.003"/>
  <system-out><![CDATA[2024-01-17 00:56:32.849  INFO 5084 --- [    Test worker] .b.t.c.SpringBootTestContextBootstrapper : Neither @ContextConfiguration nor @ContextHierarchy found for test class [ToyProject.blogWorld.service.BlogControllerServiceTest], using SpringBootContextLoader
2024-01-17 00:56:32.849  INFO 5084 --- [    Test worker] o.s.t.c.support.AbstractContextLoader    : Could not detect default resource locations for test class [ToyProject.blogWorld.service.BlogControllerServiceTest]: no resource found for suffixes {-context.xml, Context.groovy}.
2024-01-17 00:56:32.849  INFO 5084 --- [    Test worker] t.c.s.AnnotationConfigContextLoaderUtils : Could not detect default configuration classes for test class [ToyProject.blogWorld.service.BlogControllerServiceTest]: BlogControllerServiceTest does not declare any static, non-private, non-final, nested classes annotated with @Configuration.
2024-01-17 00:56:32.855  INFO 5084 --- [    Test worker] .b.t.c.SpringBootTestContextBootstrapper : Found @SpringBootConfiguration ToyProject.blogWorld.BlogWorldApplication for test class ToyProject.blogWorld.service.BlogControllerServiceTest
2024-01-17 00:56:32.856  INFO 5084 --- [    Test worker] .b.t.c.SpringBootTestContextBootstrapper : Loaded default TestExecutionListener class names from location [META-INF/spring.factories]: [org.springframework.boot.test.autoconfigure.restdocs.RestDocsTestExecutionListener, org.springframework.boot.test.autoconfigure.web.client.MockRestServiceServerResetTestExecutionListener, org.springframework.boot.test.autoconfigure.web.servlet.MockMvcPrintOnlyOnFailureTestExecutionListener, org.springframework.boot.test.autoconfigure.web.servlet.WebDriverTestExecutionListener, org.springframework.boot.test.autoconfigure.webservices.client.MockWebServiceServerTestExecutionListener, org.springframework.boot.test.mock.mockito.MockitoTestExecutionListener, org.springframework.boot.test.mock.mockito.ResetMocksTestExecutionListener, org.springframework.test.context.web.ServletTestExecutionListener, org.springframework.test.context.support.DirtiesContextBeforeModesTestExecutionListener, org.springframework.test.context.event.ApplicationEventsTestExecutionListener, org.springframework.test.context.support.DependencyInjectionTestExecutionListener, org.springframework.test.context.support.DirtiesContextTestExecutionListener, org.springframework.test.context.transaction.TransactionalTestExecutionListener, org.springframework.test.context.jdbc.SqlScriptsTestExecutionListener, org.springframework.test.context.event.EventPublishingTestExecutionListener]
2024-01-17 00:56:32.856  INFO 5084 --- [    Test worker] .b.t.c.SpringBootTestContextBootstrapper : Using TestExecutionListeners: [org.springframework.test.context.web.ServletTestExecutionListener@2181144e, org.springframework.test.context.support.DirtiesContextBeforeModesTestExecutionListener@4ca6e265, org.springframework.test.context.event.ApplicationEventsTestExecutionListener@582b6362, org.springframework.boot.test.mock.mockito.MockitoTestExecutionListener@70376c6, org.springframework.boot.test.autoconfigure.SpringBootDependencyInjectionTestExecutionListener@2e89310c, org.springframework.test.context.support.DirtiesContextTestExecutionListener@55c75b72, org.springframework.test.context.transaction.TransactionalTestExecutionListener@567412db, org.springframework.test.context.jdbc.SqlScriptsTestExecutionListener@4addfb95, org.springframework.test.context.event.EventPublishingTestExecutionListener@2d3bb293, org.springframework.boot.test.autoconfigure.restdocs.RestDocsTestExecutionListener@4248608d, org.springframework.boot.test.autoconfigure.web.client.MockRestServiceServerResetTestExecutionListener@34dc40d5, org.springframework.boot.test.autoconfigure.web.servlet.MockMvcPrintOnlyOnFailureTestExecutionListener@11f81488, org.springframework.boot.test.autoconfigure.web.servlet.WebDriverTestExecutionListener@61a7930e, org.springframework.boot.test.autoconfigure.webservices.client.MockWebServiceServerTestExecutionListener@60eacbbf, org.springframework.boot.test.mock.mockito.ResetMocksTestExecutionListener@36e6e59f]
]]></system-out>
  <system-err><![CDATA[]]></system-err>
</testsuite>
