<?xml version="1.0" encoding="UTF-8"?>
<testsuite name="ToyProject.blogWorld.repository.blog.BlogControllerRepositoryTest" tests="2" skipped="0" failures="0" errors="0" timestamp="2024-01-18T10:20:39" hostname="DESKTOP-RRMPC7C" time="0.189">
  <properties/>
  <testcase name="update()" classname="ToyProject.blogWorld.repository.blog.BlogControllerRepositoryTest" time="0.019"/>
  <testcase name="save()" classname="ToyProject.blogWorld.repository.blog.BlogControllerRepositoryTest" time="0.169"/>
  <system-out><![CDATA[2024-01-18 19:20:39.739  INFO 22628 --- [    Test worker] .b.t.c.SpringBootTestContextBootstrapper : Neither @ContextConfiguration nor @ContextHierarchy found for test class [ToyProject.blogWorld.repository.blog.BlogControllerRepositoryTest], using SpringBootContextLoader
2024-01-18 19:20:39.740  INFO 22628 --- [    Test worker] o.s.t.c.support.AbstractContextLoader    : Could not detect default resource locations for test class [ToyProject.blogWorld.repository.blog.BlogControllerRepositoryTest]: no resource found for suffixes {-context.xml, Context.groovy}.
2024-01-18 19:20:39.740  INFO 22628 --- [    Test worker] t.c.s.AnnotationConfigContextLoaderUtils : Could not detect default configuration classes for test class [ToyProject.blogWorld.repository.blog.BlogControllerRepositoryTest]: BlogControllerRepositoryTest does not declare any static, non-private, non-final, nested classes annotated with @Configuration.
2024-01-18 19:20:39.747  INFO 22628 --- [    Test worker] .b.t.c.SpringBootTestContextBootstrapper : Found @SpringBootConfiguration ToyProject.blogWorld.BlogWorldApplication for test class ToyProject.blogWorld.repository.blog.BlogControllerRepositoryTest
2024-01-18 19:20:39.749  INFO 22628 --- [    Test worker] .b.t.c.SpringBootTestContextBootstrapper : Loaded default TestExecutionListener class names from location [META-INF/spring.factories]: [org.springframework.boot.test.autoconfigure.restdocs.RestDocsTestExecutionListener, org.springframework.boot.test.autoconfigure.web.client.MockRestServiceServerResetTestExecutionListener, org.springframework.boot.test.autoconfigure.web.servlet.MockMvcPrintOnlyOnFailureTestExecutionListener, org.springframework.boot.test.autoconfigure.web.servlet.WebDriverTestExecutionListener, org.springframework.boot.test.autoconfigure.webservices.client.MockWebServiceServerTestExecutionListener, org.springframework.boot.test.mock.mockito.MockitoTestExecutionListener, org.springframework.boot.test.mock.mockito.ResetMocksTestExecutionListener, org.springframework.test.context.web.ServletTestExecutionListener, org.springframework.test.context.support.DirtiesContextBeforeModesTestExecutionListener, org.springframework.test.context.event.ApplicationEventsTestExecutionListener, org.springframework.test.context.support.DependencyInjectionTestExecutionListener, org.springframework.test.context.support.DirtiesContextTestExecutionListener, org.springframework.test.context.transaction.TransactionalTestExecutionListener, org.springframework.test.context.jdbc.SqlScriptsTestExecutionListener, org.springframework.test.context.event.EventPublishingTestExecutionListener]
2024-01-18 19:20:39.749  INFO 22628 --- [    Test worker] .b.t.c.SpringBootTestContextBootstrapper : Using TestExecutionListeners: [org.springframework.test.context.web.ServletTestExecutionListener@6fc9c0cc, org.springframework.test.context.support.DirtiesContextBeforeModesTestExecutionListener@21a09c5a, org.springframework.test.context.event.ApplicationEventsTestExecutionListener@18d76c14, org.springframework.boot.test.mock.mockito.MockitoTestExecutionListener@517f9ba3, org.springframework.boot.test.autoconfigure.SpringBootDependencyInjectionTestExecutionListener@7011eee0, org.springframework.test.context.support.DirtiesContextTestExecutionListener@5576eef4, org.springframework.test.context.transaction.TransactionalTestExecutionListener@76629f82, org.springframework.test.context.jdbc.SqlScriptsTestExecutionListener@5beda06e, org.springframework.test.context.event.EventPublishingTestExecutionListener@2474331d, org.springframework.boot.test.autoconfigure.restdocs.RestDocsTestExecutionListener@46977829, org.springframework.boot.test.autoconfigure.web.client.MockRestServiceServerResetTestExecutionListener@24eb71f6, org.springframework.boot.test.autoconfigure.web.servlet.MockMvcPrintOnlyOnFailureTestExecutionListener@12b34bd5, org.springframework.boot.test.autoconfigure.web.servlet.WebDriverTestExecutionListener@17da6e45, org.springframework.boot.test.autoconfigure.webservices.client.MockWebServiceServerTestExecutionListener@6af10aa7, org.springframework.boot.test.mock.mockito.ResetMocksTestExecutionListener@15eaa2ce]
2024-01-18 19:20:39.765  INFO 22628 --- [    Test worker] o.s.t.c.transaction.TransactionContext   : Began transaction (1) for test context [DefaultTestContext@465a121d testClass = BlogControllerRepositoryTest, testInstance = ToyProject.blogWorld.repository.blog.BlogControllerRepositoryTest@23938caa, testMethod = update@BlogControllerRepositoryTest, testException = [null], mergedContextConfiguration = [WebMergedContextConfiguration@643bef2a testClass = BlogControllerRepositoryTest, locations = '{}', classes = '{class ToyProject.blogWorld.BlogWorldApplication}', contextInitializerClasses = '[]', activeProfiles = '{}', propertySourceLocations = '{}', propertySourceProperties = '{org.springframework.boot.test.context.SpringBootTestContextBootstrapper=true}', contextCustomizers = set[org.springframework.boot.test.autoconfigure.actuate.metrics.MetricsExportContextCustomizerFactory$DisableMetricExportContextCustomizer@12c7a01b, org.springframework.boot.test.autoconfigure.properties.PropertyMappingContextCustomizer@0, org.springframework.boot.test.autoconfigure.web.servlet.WebDriverContextCustomizerFactory$Customizer@71454b9d, org.springframework.boot.test.context.filter.ExcludeFilterContextCustomizer@66565121, org.springframework.boot.test.json.DuplicateJsonObjectContextCustomizerFactory$DuplicateJsonObjectContextCustomizer@2d6764b2, org.springframework.boot.test.mock.mockito.MockitoContextCustomizer@0, org.springframework.boot.test.web.client.TestRestTemplateContextCustomizer@6b8d96d9, org.springframework.boot.test.context.SpringBootTestArgs@1, org.springframework.boot.test.context.SpringBootTestWebEnvironment@c88a337], resourceBasePath = 'src/main/webapp', contextLoader = 'org.springframework.boot.test.context.SpringBootContextLoader', parent = [null]], attributes = map['org.springframework.test.context.web.ServletTestExecutionListener.activateListener' -> true, 'org.springframework.test.context.web.ServletTestExecutionListener.populatedRequestContextHolder' -> true, 'org.springframework.test.context.web.ServletTestExecutionListener.resetRequestContextHolder' -> true, 'org.springframework.test.context.event.ApplicationEventsTestExecutionListener.recordApplicationEvents' -> false]]; transaction manager [org.springframework.orm.jpa.JpaTransactionManager@62525579]; rollback [true]
2024-01-18 19:20:39.769  INFO 22628 --- [    Test worker] p6spy                                    : #1705573239769 | took 0ms | rollback | connection 2| url jdbc:mysql://localhost:3306/blogworld?useSSL=false&characterEncoding=UTF-8&serverTimezone=UTC

;
2024-01-18 19:20:39.773  INFO 22628 --- [    Test worker] o.s.t.c.transaction.TransactionContext   : Rolled back transaction for test: [DefaultTestContext@465a121d testClass = BlogControllerRepositoryTest, testInstance = ToyProject.blogWorld.repository.blog.BlogControllerRepositoryTest@23938caa, testMethod = update@BlogControllerRepositoryTest, testException = [null], mergedContextConfiguration = [WebMergedContextConfiguration@643bef2a testClass = BlogControllerRepositoryTest, locations = '{}', classes = '{class ToyProject.blogWorld.BlogWorldApplication}', contextInitializerClasses = '[]', activeProfiles = '{}', propertySourceLocations = '{}', propertySourceProperties = '{org.springframework.boot.test.context.SpringBootTestContextBootstrapper=true}', contextCustomizers = set[org.springframework.boot.test.autoconfigure.actuate.metrics.MetricsExportContextCustomizerFactory$DisableMetricExportContextCustomizer@12c7a01b, org.springframework.boot.test.autoconfigure.properties.PropertyMappingContextCustomizer@0, org.springframework.boot.test.autoconfigure.web.servlet.WebDriverContextCustomizerFactory$Customizer@71454b9d, org.springframework.boot.test.context.filter.ExcludeFilterContextCustomizer@66565121, org.springframework.boot.test.json.DuplicateJsonObjectContextCustomizerFactory$DuplicateJsonObjectContextCustomizer@2d6764b2, org.springframework.boot.test.mock.mockito.MockitoContextCustomizer@0, org.springframework.boot.test.web.client.TestRestTemplateContextCustomizer@6b8d96d9, org.springframework.boot.test.context.SpringBootTestArgs@1, org.springframework.boot.test.context.SpringBootTestWebEnvironment@c88a337], resourceBasePath = 'src/main/webapp', contextLoader = 'org.springframework.boot.test.context.SpringBootContextLoader', parent = [null]], attributes = map['org.springframework.test.context.web.ServletTestExecutionListener.activateListener' -> true, 'org.springframework.test.context.web.ServletTestExecutionListener.populatedRequestContextHolder' -> true, 'org.springframework.test.context.web.ServletTestExecutionListener.resetRequestContextHolder' -> true, 'org.springframework.test.context.event.ApplicationEventsTestExecutionListener.recordApplicationEvents' -> false]]
2024-01-18 19:20:39.776  INFO 22628 --- [    Test worker] o.s.t.c.transaction.TransactionContext   : Began transaction (1) for test context [DefaultTestContext@465a121d testClass = BlogControllerRepositoryTest, testInstance = ToyProject.blogWorld.repository.blog.BlogControllerRepositoryTest@3a02172a, testMethod = save@BlogControllerRepositoryTest, testException = [null], mergedContextConfiguration = [WebMergedContextConfiguration@643bef2a testClass = BlogControllerRepositoryTest, locations = '{}', classes = '{class ToyProject.blogWorld.BlogWorldApplication}', contextInitializerClasses = '[]', activeProfiles = '{}', propertySourceLocations = '{}', propertySourceProperties = '{org.springframework.boot.test.context.SpringBootTestContextBootstrapper=true}', contextCustomizers = set[org.springframework.boot.test.autoconfigure.actuate.metrics.MetricsExportContextCustomizerFactory$DisableMetricExportContextCustomizer@12c7a01b, org.springframework.boot.test.autoconfigure.properties.PropertyMappingContextCustomizer@0, org.springframework.boot.test.autoconfigure.web.servlet.WebDriverContextCustomizerFactory$Customizer@71454b9d, org.springframework.boot.test.context.filter.ExcludeFilterContextCustomizer@66565121, org.springframework.boot.test.json.DuplicateJsonObjectContextCustomizerFactory$DuplicateJsonObjectContextCustomizer@2d6764b2, org.springframework.boot.test.mock.mockito.MockitoContextCustomizer@0, org.springframework.boot.test.web.client.TestRestTemplateContextCustomizer@6b8d96d9, org.springframework.boot.test.context.SpringBootTestArgs@1, org.springframework.boot.test.context.SpringBootTestWebEnvironment@c88a337], resourceBasePath = 'src/main/webapp', contextLoader = 'org.springframework.boot.test.context.SpringBootContextLoader', parent = [null]], attributes = map['org.springframework.test.context.web.ServletTestExecutionListener.activateListener' -> true, 'org.springframework.test.context.web.ServletTestExecutionListener.populatedRequestContextHolder' -> true, 'org.springframework.test.context.web.ServletTestExecutionListener.resetRequestContextHolder' -> true, 'org.springframework.test.context.event.ApplicationEventsTestExecutionListener.recordApplicationEvents' -> false]]; transaction manager [org.springframework.orm.jpa.JpaTransactionManager@62525579]; rollback [true]
Hibernate: 
    select
        next_val as id_val 
    from
        hibernate_sequence for update
            
2024-01-18 19:20:39.840  INFO 22628 --- [    Test worker] p6spy                                    : #1705573239840 | took 5ms | statement | connection 4| url jdbc:mysql://localhost:3306/blogworld?useSSL=false&characterEncoding=UTF-8&serverTimezone=UTC
select next_val as id_val from hibernate_sequence for update
select next_val as id_val from hibernate_sequence for update;
Hibernate: 
    update
        hibernate_sequence 
    set
        next_val= ? 
    where
        next_val=?
2024-01-18 19:20:39.846  INFO 22628 --- [    Test worker] p6spy                                    : #1705573239846 | took 3ms | statement | connection 4| url jdbc:mysql://localhost:3306/blogworld?useSSL=false&characterEncoding=UTF-8&serverTimezone=UTC
update hibernate_sequence set next_val= ? where next_val=?
update hibernate_sequence set next_val= 32 where next_val=31;
2024-01-18 19:20:39.853  INFO 22628 --- [    Test worker] p6spy                                    : #1705573239853 | took 6ms | commit | connection 4| url jdbc:mysql://localhost:3306/blogworld?useSSL=false&characterEncoding=UTF-8&serverTimezone=UTC

;
Hibernate: 
    select
        next_val as id_val 
    from
        hibernate_sequence for update
            
2024-01-18 19:20:39.876  INFO 22628 --- [    Test worker] p6spy                                    : #1705573239876 | took 0ms | statement | connection 5| url jdbc:mysql://localhost:3306/blogworld?useSSL=false&characterEncoding=UTF-8&serverTimezone=UTC
select next_val as id_val from hibernate_sequence for update
select next_val as id_val from hibernate_sequence for update;
Hibernate: 
    update
        hibernate_sequence 
    set
        next_val= ? 
    where
        next_val=?
2024-01-18 19:20:39.878  INFO 22628 --- [    Test worker] p6spy                                    : #1705573239878 | took 1ms | statement | connection 5| url jdbc:mysql://localhost:3306/blogworld?useSSL=false&characterEncoding=UTF-8&serverTimezone=UTC
update hibernate_sequence set next_val= ? where next_val=?
update hibernate_sequence set next_val= 33 where next_val=32;
2024-01-18 19:20:39.881  INFO 22628 --- [    Test worker] p6spy                                    : #1705573239881 | took 2ms | commit | connection 5| url jdbc:mysql://localhost:3306/blogworld?useSSL=false&characterEncoding=UTF-8&serverTimezone=UTC

;
2024-01-18 19:20:39.941  INFO 22628 --- [    Test worker] p6spy                                    : #1705573239941 | took 0ms | rollback | connection 3| url jdbc:mysql://localhost:3306/blogworld?useSSL=false&characterEncoding=UTF-8&serverTimezone=UTC

;
2024-01-18 19:20:39.943  INFO 22628 --- [    Test worker] o.s.t.c.transaction.TransactionContext   : Rolled back transaction for test: [DefaultTestContext@465a121d testClass = BlogControllerRepositoryTest, testInstance = ToyProject.blogWorld.repository.blog.BlogControllerRepositoryTest@3a02172a, testMethod = save@BlogControllerRepositoryTest, testException = [null], mergedContextConfiguration = [WebMergedContextConfiguration@643bef2a testClass = BlogControllerRepositoryTest, locations = '{}', classes = '{class ToyProject.blogWorld.BlogWorldApplication}', contextInitializerClasses = '[]', activeProfiles = '{}', propertySourceLocations = '{}', propertySourceProperties = '{org.springframework.boot.test.context.SpringBootTestContextBootstrapper=true}', contextCustomizers = set[org.springframework.boot.test.autoconfigure.actuate.metrics.MetricsExportContextCustomizerFactory$DisableMetricExportContextCustomizer@12c7a01b, org.springframework.boot.test.autoconfigure.properties.PropertyMappingContextCustomizer@0, org.springframework.boot.test.autoconfigure.web.servlet.WebDriverContextCustomizerFactory$Customizer@71454b9d, org.springframework.boot.test.context.filter.ExcludeFilterContextCustomizer@66565121, org.springframework.boot.test.json.DuplicateJsonObjectContextCustomizerFactory$DuplicateJsonObjectContextCustomizer@2d6764b2, org.springframework.boot.test.mock.mockito.MockitoContextCustomizer@0, org.springframework.boot.test.web.client.TestRestTemplateContextCustomizer@6b8d96d9, org.springframework.boot.test.context.SpringBootTestArgs@1, org.springframework.boot.test.context.SpringBootTestWebEnvironment@c88a337], resourceBasePath = 'src/main/webapp', contextLoader = 'org.springframework.boot.test.context.SpringBootContextLoader', parent = [null]], attributes = map['org.springframework.test.context.web.ServletTestExecutionListener.activateListener' -> true, 'org.springframework.test.context.web.ServletTestExecutionListener.populatedRequestContextHolder' -> true, 'org.springframework.test.context.web.ServletTestExecutionListener.resetRequestContextHolder' -> true, 'org.springframework.test.context.event.ApplicationEventsTestExecutionListener.recordApplicationEvents' -> false]]
]]></system-out>
  <system-err><![CDATA[]]></system-err>
</testsuite>
