<?xml version="1.0" encoding="UTF-8"?>
<testsuite name="ToyProject.blogWorld.BlogControllerWorldApplicationTests" tests="1" skipped="0" failures="0" errors="0" timestamp="2024-01-16T15:56:32" hostname="DESKTOP-RRMPC7C" time="0.169">
  <properties/>
  <testcase name="contextLoads()" classname="ToyProject.blogWorld.BlogControllerWorldApplicationTests" time="0.169"/>
  <system-out><![CDATA[00:56:27.225 [Test worker] DEBUG org.springframework.test.context.BootstrapUtils - Instantiating CacheAwareContextLoaderDelegate from class [org.springframework.test.context.cache.DefaultCacheAwareContextLoaderDelegate]
00:56:27.233 [Test worker] DEBUG org.springframework.test.context.BootstrapUtils - Instantiating BootstrapContext using constructor [public org.springframework.test.context.support.DefaultBootstrapContext(java.lang.Class,org.springframework.test.context.CacheAwareContextLoaderDelegate)]
00:56:27.261 [Test worker] DEBUG org.springframework.test.context.BootstrapUtils - Instantiating TestContextBootstrapper for test class [ToyProject.blogWorld.BlogControllerWorldApplicationTests] from class [org.springframework.boot.test.context.SpringBootTestContextBootstrapper]
00:56:27.269 [Test worker] INFO org.springframework.boot.test.context.SpringBootTestContextBootstrapper - Neither @ContextConfiguration nor @ContextHierarchy found for test class [ToyProject.blogWorld.BlogControllerWorldApplicationTests], using SpringBootContextLoader
00:56:27.273 [Test worker] DEBUG org.springframework.test.context.support.AbstractContextLoader - Did not detect default resource location for test class [ToyProject.blogWorld.BlogControllerWorldApplicationTests]: class path resource [ToyProject/blogWorld/BlogControllerWorldApplicationTests-context.xml] does not exist
00:56:27.273 [Test worker] DEBUG org.springframework.test.context.support.AbstractContextLoader - Did not detect default resource location for test class [ToyProject.blogWorld.BlogControllerWorldApplicationTests]: class path resource [ToyProject/blogWorld/BlogControllerWorldApplicationTestsContext.groovy] does not exist
00:56:27.273 [Test worker] INFO org.springframework.test.context.support.AbstractContextLoader - Could not detect default resource locations for test class [ToyProject.blogWorld.BlogControllerWorldApplicationTests]: no resource found for suffixes {-context.xml, Context.groovy}.
00:56:27.274 [Test worker] INFO org.springframework.test.context.support.AnnotationConfigContextLoaderUtils - Could not detect default configuration classes for test class [ToyProject.blogWorld.BlogControllerWorldApplicationTests]: BlogControllerWorldApplicationTests does not declare any static, non-private, non-final, nested classes annotated with @Configuration.
00:56:27.307 [Test worker] DEBUG org.springframework.test.context.support.ActiveProfilesUtils - Could not find an 'annotation declaring class' for annotation type [org.springframework.test.context.ActiveProfiles] and class [ToyProject.blogWorld.BlogControllerWorldApplicationTests]
00:56:27.360 [Test worker] DEBUG org.springframework.context.annotation.ClassPathScanningCandidateComponentProvider - Identified candidate component class: file [D:\SpringToyProject\blogWorld\blogWorld\build\classes\java\main\ToyProject\blogWorld\BlogWorldApplication.class]
00:56:27.361 [Test worker] INFO org.springframework.boot.test.context.SpringBootTestContextBootstrapper - Found @SpringBootConfiguration ToyProject.blogWorld.BlogWorldApplication for test class ToyProject.blogWorld.BlogControllerWorldApplicationTests
00:56:27.452 [Test worker] DEBUG org.springframework.boot.test.context.SpringBootTestContextBootstrapper - @TestExecutionListeners is not present for class [ToyProject.blogWorld.BlogControllerWorldApplicationTests]: using defaults.
00:56:27.453 [Test worker] INFO org.springframework.boot.test.context.SpringBootTestContextBootstrapper - Loaded default TestExecutionListener class names from location [META-INF/spring.factories]: [org.springframework.boot.test.autoconfigure.restdocs.RestDocsTestExecutionListener, org.springframework.boot.test.autoconfigure.web.client.MockRestServiceServerResetTestExecutionListener, org.springframework.boot.test.autoconfigure.web.servlet.MockMvcPrintOnlyOnFailureTestExecutionListener, org.springframework.boot.test.autoconfigure.web.servlet.WebDriverTestExecutionListener, org.springframework.boot.test.autoconfigure.webservices.client.MockWebServiceServerTestExecutionListener, org.springframework.boot.test.mock.mockito.MockitoTestExecutionListener, org.springframework.boot.test.mock.mockito.ResetMocksTestExecutionListener, org.springframework.test.context.web.ServletTestExecutionListener, org.springframework.test.context.support.DirtiesContextBeforeModesTestExecutionListener, org.springframework.test.context.event.ApplicationEventsTestExecutionListener, org.springframework.test.context.support.DependencyInjectionTestExecutionListener, org.springframework.test.context.support.DirtiesContextTestExecutionListener, org.springframework.test.context.transaction.TransactionalTestExecutionListener, org.springframework.test.context.jdbc.SqlScriptsTestExecutionListener, org.springframework.test.context.event.EventPublishingTestExecutionListener]
00:56:27.469 [Test worker] INFO org.springframework.boot.test.context.SpringBootTestContextBootstrapper - Using TestExecutionListeners: [org.springframework.test.context.web.ServletTestExecutionListener@6d8792db, org.springframework.test.context.support.DirtiesContextBeforeModesTestExecutionListener@64bc21ac, org.springframework.test.context.event.ApplicationEventsTestExecutionListener@493dfb8e, org.springframework.boot.test.mock.mockito.MockitoTestExecutionListener@5d25e6bb, org.springframework.boot.test.autoconfigure.SpringBootDependencyInjectionTestExecutionListener@ce5a68e, org.springframework.test.context.support.DirtiesContextTestExecutionListener@9d157ff, org.springframework.test.context.transaction.TransactionalTestExecutionListener@2f162cc0, org.springframework.test.context.jdbc.SqlScriptsTestExecutionListener@5df417a7, org.springframework.test.context.event.EventPublishingTestExecutionListener@7c041b41, org.springframework.boot.test.autoconfigure.restdocs.RestDocsTestExecutionListener@7f69d591, org.springframework.boot.test.autoconfigure.web.client.MockRestServiceServerResetTestExecutionListener@61078690, org.springframework.boot.test.autoconfigure.web.servlet.MockMvcPrintOnlyOnFailureTestExecutionListener@1cb3ec38, org.springframework.boot.test.autoconfigure.web.servlet.WebDriverTestExecutionListener@403132fc, org.springframework.boot.test.autoconfigure.webservices.client.MockWebServiceServerTestExecutionListener@71c5b236, org.springframework.boot.test.mock.mockito.ResetMocksTestExecutionListener@2cab9998]
00:56:27.472 [Test worker] DEBUG org.springframework.test.context.support.AbstractDirtiesContextTestExecutionListener - Before test class: context [DefaultTestContext@2416a51 testClass = BlogControllerWorldApplicationTests, testInstance = [null], testMethod = [null], testException = [null], mergedContextConfiguration = [WebMergedContextConfiguration@6fa590ba testClass = BlogControllerWorldApplicationTests, locations = '{}', classes = '{class ToyProject.blogWorld.BlogWorldApplication}', contextInitializerClasses = '[]', activeProfiles = '{}', propertySourceLocations = '{}', propertySourceProperties = '{org.springframework.boot.test.context.SpringBootTestContextBootstrapper=true}', contextCustomizers = set[org.springframework.boot.test.autoconfigure.actuate.metrics.MetricsExportContextCustomizerFactory$DisableMetricExportContextCustomizer@12c7a01b, org.springframework.boot.test.autoconfigure.properties.PropertyMappingContextCustomizer@0, org.springframework.boot.test.autoconfigure.web.servlet.WebDriverContextCustomizerFactory$Customizer@71454b9d, org.springframework.boot.test.context.filter.ExcludeFilterContextCustomizer@66565121, org.springframework.boot.test.json.DuplicateJsonObjectContextCustomizerFactory$DuplicateJsonObjectContextCustomizer@2d6764b2, org.springframework.boot.test.mock.mockito.MockitoContextCustomizer@0, org.springframework.boot.test.web.client.TestRestTemplateContextCustomizer@6b8d96d9, org.springframework.boot.test.context.SpringBootTestArgs@1, org.springframework.boot.test.context.SpringBootTestWebEnvironment@c88a337], resourceBasePath = 'src/main/webapp', contextLoader = 'org.springframework.boot.test.context.SpringBootContextLoader', parent = [null]], attributes = map['org.springframework.test.context.web.ServletTestExecutionListener.activateListener' -> true]], class annotated with @DirtiesContext [false] with mode [null].

  .   ____          _            __ _ _
 /\\ / ___'_ __ _ _(_)_ __  __ _ \ \ \ \
( ( )\___ | '_ | '_| | '_ \/ _` | \ \ \ \
 \\/  ___)| |_)| | | | | || (_| |  ) ) ) )
  '  |____| .__|_| |_|_| |_\__, | / / / /
 =========|_|==============|___/=/_/_/_/
 :: Spring Boot ::               (v2.7.13)

2024-01-17 00:56:27.807  INFO 5084 --- [    Test worker] T.b.BlogControllerWorldApplicationTests  : Starting BlogControllerWorldApplicationTests using Java 17.0.9 on DESKTOP-RRMPC7C with PID 5084 (started by seung in D:\SpringToyProject\blogWorld\blogWorld)
2024-01-17 00:56:27.808  INFO 5084 --- [    Test worker] T.b.BlogControllerWorldApplicationTests  : No active profile set, falling back to 1 default profile: "default"
2024-01-17 00:56:28.716  INFO 5084 --- [    Test worker] .s.d.r.c.RepositoryConfigurationDelegate : Bootstrapping Spring Data JPA repositories in DEFAULT mode.
2024-01-17 00:56:28.800  INFO 5084 --- [    Test worker] .s.d.r.c.RepositoryConfigurationDelegate : Finished Spring Data repository scanning in 77 ms. Found 6 JPA repository interfaces.
2024-01-17 00:56:29.487  INFO 5084 --- [    Test worker] o.hibernate.jpa.internal.util.LogHelper  : HHH000204: Processing PersistenceUnitInfo [name: default]
2024-01-17 00:56:29.538  INFO 5084 --- [    Test worker] org.hibernate.Version                    : HHH000412: Hibernate ORM core version 5.6.15.Final
2024-01-17 00:56:29.702  INFO 5084 --- [    Test worker] o.hibernate.annotations.common.Version   : HCANN000001: Hibernate Commons Annotations {5.1.2.Final}
2024-01-17 00:56:29.812  INFO 5084 --- [    Test worker] com.zaxxer.hikari.HikariDataSource       : HikariPool-1 - Starting...
2024-01-17 00:56:29.980  INFO 5084 --- [    Test worker] com.zaxxer.hikari.HikariDataSource       : HikariPool-1 - Start completed.
2024-01-17 00:56:30.008  INFO 5084 --- [    Test worker] org.hibernate.dialect.Dialect            : HHH000400: Using dialect: org.hibernate.dialect.MySQL8Dialect
2024-01-17 00:56:30.704  INFO 5084 --- [    Test worker] p6spy                                    : #1705420590704 | took 5ms | statement | connection 1| url jdbc:mysql://localhost:3306/blogworld?useSSL=false&characterEncoding=UTF-8&serverTimezone=UTC
select * from `blogworld`.`user` where 1=0
select * from `blogworld`.`user` where 1=0;
2024-01-17 00:56:30.712  INFO 5084 --- [    Test worker] p6spy                                    : #1705420590712 | took 0ms | statement | connection 1| url jdbc:mysql://localhost:3306/blogworld?useSSL=false&characterEncoding=UTF-8&serverTimezone=UTC
select * from `blogworld`.`blog` where 1=0
select * from `blogworld`.`blog` where 1=0;
2024-01-17 00:56:30.714  INFO 5084 --- [    Test worker] p6spy                                    : #1705420590714 | took 0ms | statement | connection 1| url jdbc:mysql://localhost:3306/blogworld?useSSL=false&characterEncoding=UTF-8&serverTimezone=UTC
select * from `blogworld`.`category` where 1=0
select * from `blogworld`.`category` where 1=0;
2024-01-17 00:56:30.719  INFO 5084 --- [    Test worker] p6spy                                    : #1705420590719 | took 0ms | statement | connection 1| url jdbc:mysql://localhost:3306/blogworld?useSSL=false&characterEncoding=UTF-8&serverTimezone=UTC
select * from `blogworld`.`category` where 1=0
select * from `blogworld`.`category` where 1=0;
2024-01-17 00:56:30.725  INFO 5084 --- [    Test worker] p6spy                                    : #1705420590725 | took 0ms | statement | connection 1| url jdbc:mysql://localhost:3306/blogworld?useSSL=false&characterEncoding=UTF-8&serverTimezone=UTC
select * from `blogworld`.`poster` where 1=0
select * from `blogworld`.`poster` where 1=0;
2024-01-17 00:56:30.727  INFO 5084 --- [    Test worker] p6spy                                    : #1705420590727 | took 0ms | statement | connection 1| url jdbc:mysql://localhost:3306/blogworld?useSSL=false&characterEncoding=UTF-8&serverTimezone=UTC
select * from `blogworld`.`reply` where 1=0
select * from `blogworld`.`reply` where 1=0;
2024-01-17 00:56:30.728  INFO 5084 --- [    Test worker] p6spy                                    : #1705420590728 | took 0ms | statement | connection 1| url jdbc:mysql://localhost:3306/blogworld?useSSL=false&characterEncoding=UTF-8&serverTimezone=UTC
select * from `blogworld`.`user` where 1=0
select * from `blogworld`.`user` where 1=0;
2024-01-17 00:56:30.733  INFO 5084 --- [    Test worker] p6spy                                    : #1705420590733 | took 0ms | statement | connection 1| url jdbc:mysql://localhost:3306/blogworld?useSSL=false&characterEncoding=UTF-8&serverTimezone=UTC
select * from `blogworld`.`poster` where 1=0
select * from `blogworld`.`poster` where 1=0;
2024-01-17 00:56:30.734  INFO 5084 --- [    Test worker] o.h.e.t.j.p.i.JtaPlatformInitiator       : HHH000490: Using JtaPlatform implementation: [org.hibernate.engine.transaction.jta.platform.internal.NoJtaPlatform]
2024-01-17 00:56:30.742  INFO 5084 --- [    Test worker] j.LocalContainerEntityManagerFactoryBean : Initialized JPA EntityManagerFactory for persistence unit 'default'
2024-01-17 00:56:31.554  INFO 5084 --- [    Test worker] o.s.s.web.DefaultSecurityFilterChain     : Will secure any request with [org.springframework.security.web.session.DisableEncodeUrlFilter@110f66e3, org.springframework.security.web.context.request.async.WebAsyncManagerIntegrationFilter@77e64a46, org.springframework.security.web.context.SecurityContextPersistenceFilter@3b6c55b6, org.springframework.security.web.header.HeaderWriterFilter@5ce1ec7, org.springframework.web.filter.CorsFilter@2530baf6, org.springframework.security.web.authentication.logout.LogoutFilter@1ed0128b, org.springframework.security.oauth2.client.web.OAuth2AuthorizationRequestRedirectFilter@5319efc0, org.springframework.security.oauth2.client.web.OAuth2LoginAuthenticationFilter@52c68925, ToyProject.blogWorld.config.jwt.JwtAuthenticationFilter@51a73873, org.springframework.security.web.authentication.UsernamePasswordAuthenticationFilter@401b7226, ToyProject.blogWorld.config.jwt.JwtAuthorizationFilter@342a5b57, org.springframework.security.web.savedrequest.RequestCacheAwareFilter@549be307, org.springframework.security.web.servletapi.SecurityContextHolderAwareRequestFilter@d03cdc7, org.springframework.security.web.authentication.AnonymousAuthenticationFilter@5e781b4f, org.springframework.security.web.session.SessionManagementFilter@7c4697fc, org.springframework.security.web.access.ExceptionTranslationFilter@20a7ce0, org.springframework.security.web.access.intercept.FilterSecurityInterceptor@2a49753]
2024-01-17 00:56:31.763  WARN 5084 --- [    Test worker] JpaBaseConfiguration$JpaWebConfiguration : spring.jpa.open-in-view is enabled by default. Therefore, database queries may be performed during view rendering. Explicitly configure spring.jpa.open-in-view to disable this warning
2024-01-17 00:56:32.045  INFO 5084 --- [    Test worker] o.s.b.a.w.s.WelcomePageHandlerMapping    : Adding welcome page: class path resource [static/index.html]
2024-01-17 00:56:32.377  INFO 5084 --- [    Test worker] T.b.BlogControllerWorldApplicationTests  : Started BlogControllerWorldApplicationTests in 4.875 seconds (JVM running for 5.912)
]]></system-out>
  <system-err><![CDATA[]]></system-err>
</testsuite>
